<?xml version="1.0" encoding="UTF-8"?>
<coverage generated="1634086922130" clover="3.2.0">
  <project timestamp="1634086922130" name="All files">
    <metrics statements="25" coveredstatements="25" conditionals="31" coveredconditionals="31" methods="1" coveredmethods="1" elements="57" coveredelements="57" complexity="0" loc="25" ncloc="25" packages="1" files="1" classes="1"/>
    <file name="ControladorAuto.js" path="D:\UNIVERSIDAD\SEMESTRE 6\ING DE SW\PROYECTOS\TDD Controlador Auto\parcel-jest-base\src\ControladorAuto.js">
      <metrics statements="25" coveredstatements="25" conditionals="31" coveredconditionals="31" methods="1" coveredmethods="1"/>
      <line num="2" count="27" type="stmt"/>
      <line num="3" count="27" type="stmt"/>
      <line num="4" count="27" type="stmt"/>
      <line num="5" count="27" type="stmt"/>
      <line num="6" count="27" type="stmt"/>
      <line num="7" count="94" type="cond" truecount="2" falsecount="0"/>
      <line num="8" count="49" type="cond" truecount="2" falsecount="0"/>
      <line num="9" count="49" type="cond" truecount="2" falsecount="0"/>
      <line num="10" count="49" type="cond" truecount="2" falsecount="0"/>
      <line num="11" count="49" type="cond" truecount="2" falsecount="0"/>
      <line num="13" count="94" type="cond" truecount="2" falsecount="0"/>
      <line num="14" count="16" type="cond" truecount="2" falsecount="0"/>
      <line num="15" count="7" type="stmt"/>
      <line num="17" count="9" type="stmt"/>
      <line num="20" count="94" type="cond" truecount="2" falsecount="0"/>
      <line num="21" count="22" type="cond" truecount="2" falsecount="0"/>
      <line num="22" count="1" type="stmt"/>
      <line num="24" count="21" type="stmt"/>
      <line num="27" count="94" type="cond" truecount="5" falsecount="0"/>
      <line num="28" count="7" type="stmt"/>
      <line num="31" count="20" type="cond" truecount="2" falsecount="0"/>
      <line num="32" count="20" type="cond" truecount="2" falsecount="0"/>
      <line num="33" count="20" type="cond" truecount="2" falsecount="0"/>
      <line num="34" count="20" type="cond" truecount="2" falsecount="0"/>
      <line num="35" count="20" type="stmt"/>
    </file>
  </project>
</coverage>
