<?xml version="1.0" encoding="UTF-8"?>
<coverage generated="1634091029343" clover="3.2.0">
  <project timestamp="1634091029343" name="All files">
    <metrics statements="62" coveredstatements="62" conditionals="50" coveredconditionals="50" methods="7" coveredmethods="7" elements="119" coveredelements="119" complexity="0" loc="62" ncloc="62" packages="1" files="1" classes="1"/>
    <file name="ControladorAuto.js" path="D:\UNIVERSIDAD\SEMESTRE 6\ING DE SW\PROYECTOS\TDD Controlador Auto\parcel-jest-base\src\ControladorAuto.js">
      <metrics statements="62" coveredstatements="62" conditionals="50" coveredconditionals="50" methods="7" coveredmethods="7"/>
      <line num="3" count="24" type="stmt"/>
      <line num="4" count="24" type="stmt"/>
      <line num="5" count="24" type="cond" truecount="2" falsecount="0"/>
      <line num="6" count="24" type="cond" truecount="2" falsecount="0"/>
      <line num="7" count="24" type="cond" truecount="2" falsecount="0"/>
      <line num="8" count="24" type="cond" truecount="2" falsecount="0"/>
      <line num="9" count="24" type="stmt"/>
      <line num="13" count="60" type="stmt"/>
      <line num="14" count="60" type="stmt"/>
      <line num="15" count="60" type="cond" truecount="2" falsecount="0"/>
      <line num="16" count="60" type="cond" truecount="2" falsecount="0"/>
      <line num="17" count="60" type="cond" truecount="2" falsecount="0"/>
      <line num="18" count="60" type="cond" truecount="2" falsecount="0"/>
      <line num="19" count="60" type="stmt"/>
      <line num="23" count="111" type="stmt"/>
      <line num="24" count="111" type="stmt"/>
      <line num="25" count="111" type="cond" truecount="2" falsecount="0"/>
      <line num="26" count="18" type="cond" truecount="2" falsecount="0"/>
      <line num="27" count="9" type="stmt"/>
      <line num="29" count="9" type="stmt"/>
      <line num="32" count="111" type="cond" truecount="2" falsecount="0"/>
      <line num="33" count="26" type="cond" truecount="2" falsecount="0"/>
      <line num="34" count="2" type="stmt"/>
      <line num="36" count="24" type="stmt"/>
      <line num="39" count="111" type="stmt"/>
      <line num="43" count="111" type="stmt"/>
      <line num="44" count="111" type="stmt"/>
      <line num="48" count="40" type="stmt"/>
      <line num="49" count="40" type="stmt"/>
      <line num="50" count="40" type="cond" truecount="2" falsecount="0"/>
      <line num="51" count="13" type="stmt"/>
      <line num="53" count="40" type="stmt"/>
      <line num="57" count="40" type="stmt"/>
      <line num="58" count="40" type="stmt"/>
      <line num="59" count="40" type="stmt"/>
      <line num="60" count="40" type="stmt"/>
      <line num="61" count="40" type="cond" truecount="2" falsecount="0"/>
      <line num="62" count="13" type="stmt"/>
      <line num="64" count="40" type="stmt"/>
      <line num="65" count="40" type="stmt"/>
      <line num="66" count="40" type="cond" truecount="2" falsecount="0"/>
      <line num="67" count="9" type="stmt"/>
      <line num="69" count="40" type="stmt"/>
      <line num="74" count="40" type="stmt"/>
      <line num="75" count="40" type="stmt"/>
      <line num="76" count="40" type="stmt"/>
      <line num="77" count="40" type="stmt"/>
      <line num="78" count="40" type="stmt"/>
      <line num="79" count="40" type="stmt"/>
      <line num="80" count="40" type="stmt"/>
      <line num="81" count="40" type="cond" truecount="4" falsecount="0"/>
      <line num="82" count="37" type="cond" truecount="4" falsecount="0"/>
      <line num="83" count="35" type="cond" truecount="4" falsecount="0"/>
      <line num="84" count="33" type="cond" truecount="4" falsecount="0"/>
      <line num="85" count="31" type="stmt"/>
      <line num="86" count="111" type="cond" truecount="2" falsecount="0"/>
      <line num="87" count="60" type="stmt"/>
      <line num="89" count="111" type="stmt"/>
      <line num="90" count="111" type="cond" truecount="2" falsecount="0"/>
      <line num="91" count="7" type="stmt"/>
      <line num="94" count="24" type="stmt"/>
      <line num="95" count="24" type="stmt"/>
    </file>
  </project>
</coverage>
