{"D:\\UNIVERSIDAD\\SEMESTRE 6\\ING DE SW\\PROYECTOS\\TDD Controlador Auto\\parcel-jest-base\\src\\ControladorAuto.js": {"path":"D:\\UNIVERSIDAD\\SEMESTRE 6\\ING DE SW\\PROYECTOS\\TDD Controlador Auto\\parcel-jest-base\\src\\ControladorAuto.js","statementMap":{"0":{"start":{"line":2,"column":12},"end":{"line":2,"column":13}},"1":{"start":{"line":3,"column":12},"end":{"line":3,"column":13}},"2":{"start":{"line":4,"column":17},"end":{"line":4,"column":20}},"3":{"start":{"line":5,"column":4},"end":{"line":5,"column":27}},"4":{"start":{"line":5,"column":23},"end":{"line":5,"column":27}},"5":{"start":{"line":6,"column":4},"end":{"line":6,"column":34}},"6":{"start":{"line":6,"column":23},"end":{"line":6,"column":34}},"7":{"start":{"line":7,"column":4},"end":{"line":7,"column":36}},"8":{"start":{"line":7,"column":32},"end":{"line":7,"column":36}},"9":{"start":{"line":8,"column":4},"end":{"line":8,"column":38}},"10":{"start":{"line":8,"column":25},"end":{"line":8,"column":38}},"11":{"start":{"line":9,"column":4},"end":{"line":9,"column":36}},"12":{"start":{"line":9,"column":32},"end":{"line":9,"column":36}},"13":{"start":{"line":10,"column":4},"end":{"line":10,"column":34}}},"fnMap":{"0":{"name":"controlarAuto","decl":{"start":{"line":1,"column":9},"end":{"line":1,"column":22}},"loc":{"start":{"line":1,"column":31},"end":{"line":11,"column":1}},"line":1}},"branchMap":{"0":{"loc":{"start":{"line":5,"column":4},"end":{"line":5,"column":27}},"type":"if","locations":[{"start":{"line":5,"column":4},"end":{"line":5,"column":27}},{"start":{"line":5,"column":4},"end":{"line":5,"column":27}}],"line":5},"1":{"loc":{"start":{"line":6,"column":4},"end":{"line":6,"column":34}},"type":"if","locations":[{"start":{"line":6,"column":4},"end":{"line":6,"column":34}},{"start":{"line":6,"column":4},"end":{"line":6,"column":34}}],"line":6},"2":{"loc":{"start":{"line":7,"column":4},"end":{"line":7,"column":36}},"type":"if","locations":[{"start":{"line":7,"column":4},"end":{"line":7,"column":36}},{"start":{"line":7,"column":4},"end":{"line":7,"column":36}}],"line":7},"3":{"loc":{"start":{"line":8,"column":4},"end":{"line":8,"column":38}},"type":"if","locations":[{"start":{"line":8,"column":4},"end":{"line":8,"column":38}},{"start":{"line":8,"column":4},"end":{"line":8,"column":38}}],"line":8},"4":{"loc":{"start":{"line":9,"column":4},"end":{"line":9,"column":36}},"type":"if","locations":[{"start":{"line":9,"column":4},"end":{"line":9,"column":36}},{"start":{"line":9,"column":4},"end":{"line":9,"column":36}}],"line":9}},"s":{"0":12,"1":12,"2":12,"3":12,"4":2,"5":12,"6":3,"7":12,"8":2,"9":12,"10":3,"11":12,"12":2,"13":12},"f":{"0":12},"b":{"0":[2,10],"1":[3,9],"2":[2,10],"3":[3,9],"4":[2,10]},"_coverageSchema":"1a1c01bbd47fc00a2c39e90264f33305004495a9","hash":"4d3e33de7857822f406da86189d123651dd63ce0"}
}
