{"D:\\UNIVERSIDAD\\SEMESTRE 6\\ING DE SW\\PROYECTOS\\TDD Controlador Auto\\parcel-jest-base\\src\\ControladorAuto.js": {"path":"D:\\UNIVERSIDAD\\SEMESTRE 6\\ING DE SW\\PROYECTOS\\TDD Controlador Auto\\parcel-jest-base\\src\\ControladorAuto.js","statementMap":{"0":{"start":{"line":2,"column":20},"end":{"line":2,"column":21}},"1":{"start":{"line":3,"column":20},"end":{"line":3,"column":21}},"2":{"start":{"line":4,"column":4},"end":{"line":4,"column":24}},"3":{"start":{"line":4,"column":12},"end":{"line":4,"column":24}},"4":{"start":{"line":5,"column":4},"end":{"line":5,"column":24}},"5":{"start":{"line":5,"column":12},"end":{"line":5,"column":24}},"6":{"start":{"line":6,"column":4},"end":{"line":6,"column":24}},"7":{"start":{"line":6,"column":12},"end":{"line":6,"column":24}},"8":{"start":{"line":7,"column":4},"end":{"line":7,"column":24}},"9":{"start":{"line":7,"column":12},"end":{"line":7,"column":24}},"10":{"start":{"line":8,"column":4},"end":{"line":8,"column":32}},"11":{"start":{"line":12,"column":17},"end":{"line":12,"column":18}},"12":{"start":{"line":13,"column":17},"end":{"line":13,"column":18}},"13":{"start":{"line":14,"column":4},"end":{"line":14,"column":34}},"14":{"start":{"line":14,"column":25},"end":{"line":14,"column":34}},"15":{"start":{"line":15,"column":4},"end":{"line":15,"column":34}},"16":{"start":{"line":15,"column":25},"end":{"line":15,"column":34}},"17":{"start":{"line":16,"column":4},"end":{"line":16,"column":34}},"18":{"start":{"line":16,"column":25},"end":{"line":16,"column":34}},"19":{"start":{"line":17,"column":4},"end":{"line":17,"column":34}},"20":{"start":{"line":17,"column":25},"end":{"line":17,"column":34}},"21":{"start":{"line":18,"column":4},"end":{"line":18,"column":26}},"22":{"start":{"line":22,"column":24},"end":{"line":22,"column":41}},"23":{"start":{"line":23,"column":27},"end":{"line":23,"column":38}},"24":{"start":{"line":24,"column":4},"end":{"line":30,"column":5}},"25":{"start":{"line":25,"column":8},"end":{"line":29,"column":9}},"26":{"start":{"line":26,"column":12},"end":{"line":26,"column":33}},"27":{"start":{"line":28,"column":12},"end":{"line":28,"column":83}},"28":{"start":{"line":31,"column":4},"end":{"line":37,"column":5}},"29":{"start":{"line":32,"column":8},"end":{"line":36,"column":9}},"30":{"start":{"line":33,"column":12},"end":{"line":33,"column":33}},"31":{"start":{"line":35,"column":12},"end":{"line":35,"column":83}},"32":{"start":{"line":38,"column":4},"end":{"line":38,"column":28}},"33":{"start":{"line":42,"column":18},"end":{"line":42,"column":50}},"34":{"start":{"line":43,"column":4},"end":{"line":43,"column":18}},"35":{"start":{"line":47,"column":25},"end":{"line":47,"column":55}},"36":{"start":{"line":48,"column":25},"end":{"line":48,"column":44}},"37":{"start":{"line":49,"column":4},"end":{"line":51,"column":5}},"38":{"start":{"line":50,"column":8},"end":{"line":50,"column":43}},"39":{"start":{"line":52,"column":4},"end":{"line":54,"column":5}},"40":{"start":{"line":53,"column":8},"end":{"line":53,"column":43}},"41":{"start":{"line":55,"column":4},"end":{"line":55,"column":26}},"42":{"start":{"line":59,"column":25},"end":{"line":59,"column":55}},"43":{"start":{"line":60,"column":25},"end":{"line":60,"column":28}},"44":{"start":{"line":61,"column":12},"end":{"line":61,"column":13}},"45":{"start":{"line":62,"column":12},"end":{"line":62,"column":13}},"46":{"start":{"line":63,"column":29},"end":{"line":63,"column":31}},"47":{"start":{"line":64,"column":20},"end":{"line":64,"column":23}},"48":{"start":{"line":65,"column":4},"end":{"line":70,"column":5}},"49":{"start":{"line":66,"column":8},"end":{"line":66,"column":31}},"50":{"start":{"line":68,"column":9},"end":{"line":70,"column":5}},"51":{"start":{"line":69,"column":8},"end":{"line":69,"column":31}},"52":{"start":{"line":71,"column":4},"end":{"line":71,"column":84}},"53":{"start":{"line":71,"column":30},"end":{"line":71,"column":84}},"54":{"start":{"line":72,"column":35},"end":{"line":72,"column":62}},"55":{"start":{"line":73,"column":4},"end":{"line":73,"column":36}},"56":{"start":{"line":74,"column":4},"end":{"line":80,"column":5}},"57":{"start":{"line":75,"column":8},"end":{"line":75,"column":40}},"58":{"start":{"line":76,"column":8},"end":{"line":79,"column":9}},"59":{"start":{"line":77,"column":12},"end":{"line":77,"column":40}},"60":{"start":{"line":78,"column":12},"end":{"line":78,"column":36}},"61":{"start":{"line":81,"column":4},"end":{"line":81,"column":45}},"62":{"start":{"line":85,"column":25},"end":{"line":85,"column":55}},"63":{"start":{"line":86,"column":22},"end":{"line":86,"column":23}},"64":{"start":{"line":87,"column":22},"end":{"line":87,"column":23}},"65":{"start":{"line":88,"column":30},"end":{"line":88,"column":33}},"66":{"start":{"line":89,"column":4},"end":{"line":91,"column":5}},"67":{"start":{"line":90,"column":8},"end":{"line":90,"column":48}},"68":{"start":{"line":92,"column":4},"end":{"line":92,"column":52}},"69":{"start":{"line":93,"column":4},"end":{"line":93,"column":38}},"70":{"start":{"line":94,"column":4},"end":{"line":96,"column":5}},"71":{"start":{"line":95,"column":8},"end":{"line":95,"column":56}},"72":{"start":{"line":97,"column":4},"end":{"line":97,"column":53}},"73":{"start":{"line":101,"column":24},"end":{"line":101,"column":41}},"74":{"start":{"line":102,"column":4},"end":{"line":102,"column":47}},"75":{"start":{"line":106,"column":28},"end":{"line":106,"column":33}},"76":{"start":{"line":107,"column":4},"end":{"line":107,"column":58}},"77":{"start":{"line":107,"column":33},"end":{"line":107,"column":58}},"78":{"start":{"line":108,"column":4},"end":{"line":108,"column":29}},"79":{"start":{"line":112,"column":4},"end":{"line":112,"column":46}},"80":{"start":{"line":117,"column":12},"end":{"line":117,"column":13}},"81":{"start":{"line":118,"column":12},"end":{"line":118,"column":13}},"82":{"start":{"line":119,"column":22},"end":{"line":119,"column":23}},"83":{"start":{"line":120,"column":22},"end":{"line":120,"column":23}},"84":{"start":{"line":121,"column":22},"end":{"line":121,"column":25}},"85":{"start":{"line":122,"column":25},"end":{"line":122,"column":28}},"86":{"start":{"line":123,"column":25},"end":{"line":123,"column":67}},"87":{"start":{"line":124,"column":4},"end":{"line":124,"column":68}},"88":{"start":{"line":125,"column":4},"end":{"line":125,"column":74}},"89":{"start":{"line":126,"column":4},"end":{"line":126,"column":92}},"90":{"start":{"line":126,"column":63},"end":{"line":126,"column":92}},"91":{"start":{"line":127,"column":4},"end":{"line":127,"column":105}},"92":{"start":{"line":127,"column":56},"end":{"line":127,"column":105}},"93":{"start":{"line":128,"column":4},"end":{"line":128,"column":88}},"94":{"start":{"line":128,"column":49},"end":{"line":128,"column":88}},"95":{"start":{"line":129,"column":4},"end":{"line":129,"column":108}},"96":{"start":{"line":129,"column":50},"end":{"line":129,"column":108}},"97":{"start":{"line":130,"column":4},"end":{"line":130,"column":67}},"98":{"start":{"line":130,"column":38},"end":{"line":130,"column":67}},"99":{"start":{"line":131,"column":4},"end":{"line":131,"column":67}},"100":{"start":{"line":131,"column":38},"end":{"line":131,"column":67}},"101":{"start":{"line":132,"column":4},"end":{"line":140,"column":5}},"102":{"start":{"line":132,"column":14},"end":{"line":132,"column":15}},"103":{"start":{"line":133,"column":8},"end":{"line":135,"column":9}},"104":{"start":{"line":134,"column":12},"end":{"line":134,"column":73}},"105":{"start":{"line":136,"column":8},"end":{"line":136,"column":76}},"106":{"start":{"line":137,"column":8},"end":{"line":139,"column":9}},"107":{"start":{"line":138,"column":12},"end":{"line":138,"column":47}},"108":{"start":{"line":141,"column":4},"end":{"line":141,"column":44}},"109":{"start":{"line":142,"column":4},"end":{"line":142,"column":39}}},"fnMap":{"0":{"name":"ajustarXYFueraDeSuperficie","decl":{"start":{"line":1,"column":9},"end":{"line":1,"column":35}},"loc":{"start":{"line":1,"column":40},"end":{"line":9,"column":1}},"line":1},"1":{"name":"obtenerPosicionNuevaSegunOrientacion","decl":{"start":{"line":11,"column":9},"end":{"line":11,"column":45}},"loc":{"start":{"line":11,"column":62},"end":{"line":19,"column":1}},"line":11},"2":{"name":"obtenerOrientacionGiro","decl":{"start":{"line":21,"column":9},"end":{"line":21,"column":31}},"loc":{"start":{"line":21,"column":49},"end":{"line":39,"column":1}},"line":21},"3":{"name":"caracterValido","decl":{"start":{"line":41,"column":9},"end":{"line":41,"column":23}},"loc":{"start":{"line":41,"column":33},"end":{"line":44,"column":1}},"line":41},"4":{"name":"obtenerCadenaDeAvance","decl":{"start":{"line":46,"column":9},"end":{"line":46,"column":30}},"loc":{"start":{"line":46,"column":51},"end":{"line":56,"column":1}},"line":46},"5":{"name":"obtenerPosicionInicial","decl":{"start":{"line":58,"column":9},"end":{"line":58,"column":31}},"loc":{"start":{"line":58,"column":52},"end":{"line":82,"column":1}},"line":58},"6":{"name":"obtenerTamSuperficie","decl":{"start":{"line":84,"column":9},"end":{"line":84,"column":29}},"loc":{"start":{"line":84,"column":50},"end":{"line":98,"column":1}},"line":84},"7":{"name":"verificarOrientacionValida","decl":{"start":{"line":100,"column":9},"end":{"line":100,"column":35}},"loc":{"start":{"line":100,"column":48},"end":{"line":103,"column":1}},"line":100},"8":{"name":"verificarPosicionInicialFueraDeRango","decl":{"start":{"line":105,"column":9},"end":{"line":105,"column":45}},"loc":{"start":{"line":105,"column":50},"end":{"line":109,"column":1}},"line":105},"9":{"name":"verificarTamSuperficie","decl":{"start":{"line":111,"column":9},"end":{"line":111,"column":31}},"loc":{"start":{"line":111,"column":56},"end":{"line":113,"column":1}},"line":111},"10":{"name":"controlarAuto","decl":{"start":{"line":116,"column":9},"end":{"line":116,"column":22}},"loc":{"start":{"line":116,"column":44},"end":{"line":143,"column":1}},"line":116}},"branchMap":{"0":{"loc":{"start":{"line":4,"column":4},"end":{"line":4,"column":24}},"type":"if","locations":[{"start":{"line":4,"column":4},"end":{"line":4,"column":24}},{"start":{"line":4,"column":4},"end":{"line":4,"column":24}}],"line":4},"1":{"loc":{"start":{"line":5,"column":4},"end":{"line":5,"column":24}},"type":"if","locations":[{"start":{"line":5,"column":4},"end":{"line":5,"column":24}},{"start":{"line":5,"column":4},"end":{"line":5,"column":24}}],"line":5},"2":{"loc":{"start":{"line":6,"column":4},"end":{"line":6,"column":24}},"type":"if","locations":[{"start":{"line":6,"column":4},"end":{"line":6,"column":24}},{"start":{"line":6,"column":4},"end":{"line":6,"column":24}}],"line":6},"3":{"loc":{"start":{"line":7,"column":4},"end":{"line":7,"column":24}},"type":"if","locations":[{"start":{"line":7,"column":4},"end":{"line":7,"column":24}},{"start":{"line":7,"column":4},"end":{"line":7,"column":24}}],"line":7},"4":{"loc":{"start":{"line":14,"column":4},"end":{"line":14,"column":34}},"type":"if","locations":[{"start":{"line":14,"column":4},"end":{"line":14,"column":34}},{"start":{"line":14,"column":4},"end":{"line":14,"column":34}}],"line":14},"5":{"loc":{"start":{"line":15,"column":4},"end":{"line":15,"column":34}},"type":"if","locations":[{"start":{"line":15,"column":4},"end":{"line":15,"column":34}},{"start":{"line":15,"column":4},"end":{"line":15,"column":34}}],"line":15},"6":{"loc":{"start":{"line":16,"column":4},"end":{"line":16,"column":34}},"type":"if","locations":[{"start":{"line":16,"column":4},"end":{"line":16,"column":34}},{"start":{"line":16,"column":4},"end":{"line":16,"column":34}}],"line":16},"7":{"loc":{"start":{"line":17,"column":4},"end":{"line":17,"column":34}},"type":"if","locations":[{"start":{"line":17,"column":4},"end":{"line":17,"column":34}},{"start":{"line":17,"column":4},"end":{"line":17,"column":34}}],"line":17},"8":{"loc":{"start":{"line":24,"column":4},"end":{"line":30,"column":5}},"type":"if","locations":[{"start":{"line":24,"column":4},"end":{"line":30,"column":5}},{"start":{"line":24,"column":4},"end":{"line":30,"column":5}}],"line":24},"9":{"loc":{"start":{"line":25,"column":8},"end":{"line":29,"column":9}},"type":"if","locations":[{"start":{"line":25,"column":8},"end":{"line":29,"column":9}},{"start":{"line":25,"column":8},"end":{"line":29,"column":9}}],"line":25},"10":{"loc":{"start":{"line":31,"column":4},"end":{"line":37,"column":5}},"type":"if","locations":[{"start":{"line":31,"column":4},"end":{"line":37,"column":5}},{"start":{"line":31,"column":4},"end":{"line":37,"column":5}}],"line":31},"11":{"loc":{"start":{"line":32,"column":8},"end":{"line":36,"column":9}},"type":"if","locations":[{"start":{"line":32,"column":8},"end":{"line":36,"column":9}},{"start":{"line":32,"column":8},"end":{"line":36,"column":9}}],"line":32},"12":{"loc":{"start":{"line":49,"column":4},"end":{"line":51,"column":5}},"type":"if","locations":[{"start":{"line":49,"column":4},"end":{"line":51,"column":5}},{"start":{"line":49,"column":4},"end":{"line":51,"column":5}}],"line":49},"13":{"loc":{"start":{"line":52,"column":4},"end":{"line":54,"column":5}},"type":"if","locations":[{"start":{"line":52,"column":4},"end":{"line":54,"column":5}},{"start":{"line":52,"column":4},"end":{"line":54,"column":5}}],"line":52},"14":{"loc":{"start":{"line":65,"column":4},"end":{"line":70,"column":5}},"type":"if","locations":[{"start":{"line":65,"column":4},"end":{"line":70,"column":5}},{"start":{"line":65,"column":4},"end":{"line":70,"column":5}}],"line":65},"15":{"loc":{"start":{"line":68,"column":9},"end":{"line":70,"column":5}},"type":"if","locations":[{"start":{"line":68,"column":9},"end":{"line":70,"column":5}},{"start":{"line":68,"column":9},"end":{"line":70,"column":5}}],"line":68},"16":{"loc":{"start":{"line":71,"column":4},"end":{"line":71,"column":84}},"type":"if","locations":[{"start":{"line":71,"column":4},"end":{"line":71,"column":84}},{"start":{"line":71,"column":4},"end":{"line":71,"column":84}}],"line":71},"17":{"loc":{"start":{"line":74,"column":4},"end":{"line":80,"column":5}},"type":"if","locations":[{"start":{"line":74,"column":4},"end":{"line":80,"column":5}},{"start":{"line":74,"column":4},"end":{"line":80,"column":5}}],"line":74},"18":{"loc":{"start":{"line":76,"column":8},"end":{"line":79,"column":9}},"type":"if","locations":[{"start":{"line":76,"column":8},"end":{"line":79,"column":9}},{"start":{"line":76,"column":8},"end":{"line":79,"column":9}}],"line":76},"19":{"loc":{"start":{"line":76,"column":11},"end":{"line":76,"column":85}},"type":"binary-expr","locations":[{"start":{"line":76,"column":11},"end":{"line":76,"column":23}},{"start":{"line":76,"column":27},"end":{"line":76,"column":85}}],"line":76},"20":{"loc":{"start":{"line":89,"column":4},"end":{"line":91,"column":5}},"type":"if","locations":[{"start":{"line":89,"column":4},"end":{"line":91,"column":5}},{"start":{"line":89,"column":4},"end":{"line":91,"column":5}}],"line":89},"21":{"loc":{"start":{"line":94,"column":4},"end":{"line":96,"column":5}},"type":"if","locations":[{"start":{"line":94,"column":4},"end":{"line":96,"column":5}},{"start":{"line":94,"column":4},"end":{"line":96,"column":5}}],"line":94},"22":{"loc":{"start":{"line":107,"column":4},"end":{"line":107,"column":58}},"type":"if","locations":[{"start":{"line":107,"column":4},"end":{"line":107,"column":58}},{"start":{"line":107,"column":4},"end":{"line":107,"column":58}}],"line":107},"23":{"loc":{"start":{"line":107,"column":7},"end":{"line":107,"column":31}},"type":"binary-expr","locations":[{"start":{"line":107,"column":7},"end":{"line":107,"column":10}},{"start":{"line":107,"column":14},"end":{"line":107,"column":17}},{"start":{"line":107,"column":21},"end":{"line":107,"column":24}},{"start":{"line":107,"column":28},"end":{"line":107,"column":31}}],"line":107},"24":{"loc":{"start":{"line":112,"column":11},"end":{"line":112,"column":45}},"type":"binary-expr","locations":[{"start":{"line":112,"column":11},"end":{"line":112,"column":26}},{"start":{"line":112,"column":30},"end":{"line":112,"column":45}}],"line":112},"25":{"loc":{"start":{"line":126,"column":4},"end":{"line":126,"column":92}},"type":"if","locations":[{"start":{"line":126,"column":4},"end":{"line":126,"column":92}},{"start":{"line":126,"column":4},"end":{"line":126,"column":92}}],"line":126},"26":{"loc":{"start":{"line":126,"column":7},"end":{"line":126,"column":61}},"type":"binary-expr","locations":[{"start":{"line":126,"column":7},"end":{"line":126,"column":32}},{"start":{"line":126,"column":36},"end":{"line":126,"column":61}}],"line":126},"27":{"loc":{"start":{"line":127,"column":4},"end":{"line":127,"column":105}},"type":"if","locations":[{"start":{"line":127,"column":4},"end":{"line":127,"column":105}},{"start":{"line":127,"column":4},"end":{"line":127,"column":105}}],"line":127},"28":{"loc":{"start":{"line":128,"column":4},"end":{"line":128,"column":88}},"type":"if","locations":[{"start":{"line":128,"column":4},"end":{"line":128,"column":88}},{"start":{"line":128,"column":4},"end":{"line":128,"column":88}}],"line":128},"29":{"loc":{"start":{"line":129,"column":4},"end":{"line":129,"column":108}},"type":"if","locations":[{"start":{"line":129,"column":4},"end":{"line":129,"column":108}},{"start":{"line":129,"column":4},"end":{"line":129,"column":108}}],"line":129},"30":{"loc":{"start":{"line":130,"column":4},"end":{"line":130,"column":67}},"type":"if","locations":[{"start":{"line":130,"column":4},"end":{"line":130,"column":67}},{"start":{"line":130,"column":4},"end":{"line":130,"column":67}}],"line":130},"31":{"loc":{"start":{"line":130,"column":7},"end":{"line":130,"column":36}},"type":"binary-expr","locations":[{"start":{"line":130,"column":7},"end":{"line":130,"column":22}},{"start":{"line":130,"column":24},"end":{"line":130,"column":36}}],"line":130},"32":{"loc":{"start":{"line":131,"column":4},"end":{"line":131,"column":67}},"type":"if","locations":[{"start":{"line":131,"column":4},"end":{"line":131,"column":67}},{"start":{"line":131,"column":4},"end":{"line":131,"column":67}}],"line":131},"33":{"loc":{"start":{"line":131,"column":7},"end":{"line":131,"column":36}},"type":"binary-expr","locations":[{"start":{"line":131,"column":7},"end":{"line":131,"column":22}},{"start":{"line":131,"column":24},"end":{"line":131,"column":36}}],"line":131},"34":{"loc":{"start":{"line":133,"column":8},"end":{"line":135,"column":9}},"type":"if","locations":[{"start":{"line":133,"column":8},"end":{"line":135,"column":9}},{"start":{"line":133,"column":8},"end":{"line":135,"column":9}}],"line":133},"35":{"loc":{"start":{"line":137,"column":8},"end":{"line":139,"column":9}},"type":"if","locations":[{"start":{"line":137,"column":8},"end":{"line":139,"column":9}},{"start":{"line":137,"column":8},"end":{"line":139,"column":9}}],"line":137}},"s":{"0":30,"1":30,"2":30,"3":1,"4":30,"5":1,"6":30,"7":1,"8":30,"9":1,"10":30,"11":70,"12":70,"13":70,"14":48,"15":70,"16":8,"17":70,"18":10,"19":70,"20":4,"21":70,"22":123,"23":123,"24":123,"25":20,"26":11,"27":9,"28":123,"29":26,"30":2,"31":24,"32":123,"33":123,"34":123,"35":51,"36":51,"37":51,"38":24,"39":51,"40":7,"41":51,"42":51,"43":51,"44":51,"45":51,"46":51,"47":51,"48":51,"49":7,"50":44,"51":17,"52":51,"53":24,"54":51,"55":51,"56":51,"57":20,"58":20,"59":11,"60":11,"61":51,"62":51,"63":51,"64":51,"65":51,"66":51,"67":7,"68":51,"69":51,"70":51,"71":2,"72":51,"73":48,"74":48,"75":46,"76":46,"77":5,"78":46,"79":49,"80":51,"81":51,"82":51,"83":51,"84":51,"85":51,"86":51,"87":51,"88":51,"89":51,"90":2,"91":49,"92":1,"93":48,"94":2,"95":46,"96":5,"97":41,"98":2,"99":39,"100":2,"101":37,"102":37,"103":123,"104":70,"105":123,"106":123,"107":7,"108":30,"109":30},"f":{"0":30,"1":70,"2":123,"3":123,"4":51,"5":51,"6":51,"7":48,"8":46,"9":49,"10":51},"b":{"0":[1,29],"1":[1,29],"2":[1,29],"3":[1,29],"4":[48,22],"5":[8,62],"6":[10,60],"7":[4,66],"8":[20,103],"9":[11,9],"10":[26,97],"11":[2,24],"12":[24,27],"13":[7,44],"14":[7,44],"15":[17,27],"16":[24,27],"17":[20,31],"18":[11,9],"19":[20,18],"20":[7,44],"21":[2,49],"22":[5,41],"23":[46,44,43,42],"24":[49,48],"25":[2,49],"26":[51,49],"27":[1,48],"28":[2,46],"29":[5,41],"30":[2,39],"31":[41,39],"32":[2,37],"33":[39,37],"34":[70,53],"35":[7,116]},"_coverageSchema":"1a1c01bbd47fc00a2c39e90264f33305004495a9","hash":"b7ed38fa0000c9684355bbc99681de691a34acd9"}
}
