TN:
SF:src\ControladorAuto.js
FN:1,ajustarXYFueraDeSuperficie
FN:11,obtenerPosicionNuevaSegunOrientacion
FN:21,obtenerOrientacionGiro
FN:41,caracterValido
FN:46,obtenerCadenaDeAvance
FN:58,obtenerPosicionInicial
FN:84,obtenerTamSuperficie
FN:97,verificarOrientacionValida
FN:102,verificarPosicionInicialFueraDeRango
FN:108,verificarTamSuperficie
FN:113,controlarAuto
FNF:11
FNH:11
FNDA:28,ajustarXYFueraDeSuperficie
FNDA:68,obtenerPosicionNuevaSegunOrientacion
FNDA:121,obtenerOrientacionGiro
FNDA:121,caracterValido
FNDA:49,obtenerCadenaDeAvance
FNDA:49,obtenerPosicionInicial
FNDA:49,obtenerTamSuperficie
FNDA:46,verificarOrientacionValida
FNDA:44,verificarPosicionInicialFueraDeRango
FNDA:47,verificarTamSuperficie
FNDA:49,controlarAuto
DA:2,28
DA:3,28
DA:4,28
DA:5,28
DA:6,28
DA:7,28
DA:8,28
DA:12,68
DA:13,68
DA:14,68
DA:15,68
DA:16,68
DA:17,68
DA:18,68
DA:22,121
DA:23,121
DA:24,121
DA:25,20
DA:26,11
DA:28,9
DA:31,121
DA:32,26
DA:33,2
DA:35,24
DA:38,121
DA:42,121
DA:43,121
DA:47,49
DA:48,49
DA:49,49
DA:50,22
DA:52,49
DA:53,5
DA:55,49
DA:59,49
DA:60,49
DA:61,49
DA:62,49
DA:63,49
DA:64,49
DA:65,49
DA:66,5
DA:68,44
DA:69,17
DA:71,49
DA:72,49
DA:73,49
DA:74,49
DA:75,18
DA:76,18
DA:77,9
DA:78,9
DA:81,49
DA:85,49
DA:86,49
DA:87,49
DA:88,49
DA:89,49
DA:90,5
DA:92,49
DA:93,49
DA:94,49
DA:98,46
DA:99,46
DA:103,44
DA:104,44
DA:105,44
DA:109,47
DA:114,49
DA:115,49
DA:116,49
DA:117,49
DA:118,49
DA:119,49
DA:120,49
DA:121,49
DA:122,49
DA:123,49
DA:124,47
DA:125,46
DA:126,44
DA:127,39
DA:128,37
DA:129,35
DA:130,121
DA:131,68
DA:133,121
DA:134,121
DA:135,7
DA:138,28
DA:139,28
LF:91
LH:91
BRDA:4,0,0,1
BRDA:4,0,1,27
BRDA:5,1,0,1
BRDA:5,1,1,27
BRDA:6,2,0,1
BRDA:6,2,1,27
BRDA:7,3,0,1
BRDA:7,3,1,27
BRDA:14,4,0,46
BRDA:14,4,1,22
BRDA:15,5,0,8
BRDA:15,5,1,60
BRDA:16,6,0,10
BRDA:16,6,1,58
BRDA:17,7,0,4
BRDA:17,7,1,64
BRDA:24,8,0,20
BRDA:24,8,1,101
BRDA:25,9,0,11
BRDA:25,9,1,9
BRDA:31,10,0,26
BRDA:31,10,1,95
BRDA:32,11,0,2
BRDA:32,11,1,24
BRDA:49,12,0,22
BRDA:49,12,1,27
BRDA:52,13,0,5
BRDA:52,13,1,44
BRDA:65,14,0,5
BRDA:65,14,1,44
BRDA:68,15,0,17
BRDA:68,15,1,27
BRDA:71,16,0,22
BRDA:71,16,1,27
BRDA:74,17,0,18
BRDA:74,17,1,31
BRDA:76,18,0,9
BRDA:76,18,1,9
BRDA:76,19,0,18
BRDA:76,19,1,16
BRDA:89,20,0,5
BRDA:89,20,1,44
BRDA:104,21,0,5
BRDA:104,21,1,39
BRDA:104,22,0,44
BRDA:104,22,1,42
BRDA:104,22,2,41
BRDA:104,22,3,40
BRDA:109,23,0,47
BRDA:109,23,1,46
BRDA:123,24,0,2
BRDA:123,24,1,47
BRDA:123,25,0,49
BRDA:123,25,1,47
BRDA:124,26,0,1
BRDA:124,26,1,46
BRDA:125,27,0,2
BRDA:125,27,1,44
BRDA:126,28,0,5
BRDA:126,28,1,39
BRDA:127,29,0,2
BRDA:127,29,1,37
BRDA:127,30,0,39
BRDA:127,30,1,37
BRDA:128,31,0,2
BRDA:128,31,1,35
BRDA:128,32,0,37
BRDA:128,32,1,35
BRDA:130,33,0,68
BRDA:130,33,1,53
BRDA:134,34,0,7
BRDA:134,34,1,114
BRF:72
BRH:72
end_of_record
