TN:
SF:src\ControladorAuto.js
FN:1,ajustarXYFueraDeSuperficie
FN:11,obtenerPosicionNuevaSegunOrientacion
FN:21,obtenerOrientacionGiro
FN:41,caracterValido
FN:46,obtenerCadenaDeAvance
FN:55,obtenerPosicionInicial
FN:77,controlarAuto
FNF:7
FNH:7
FNDA:26,ajustarXYFueraDeSuperficie
FNDA:64,obtenerPosicionNuevaSegunOrientacion
FNDA:116,obtenerOrientacionGiro
FNDA:116,caracterValido
FNDA:44,obtenerCadenaDeAvance
FNDA:44,obtenerPosicionInicial
FNDA:44,controlarAuto
DA:2,26
DA:3,26
DA:4,26
DA:5,26
DA:6,26
DA:7,26
DA:8,26
DA:12,64
DA:13,64
DA:14,64
DA:15,64
DA:16,64
DA:17,64
DA:18,64
DA:22,116
DA:23,116
DA:24,116
DA:25,19
DA:26,10
DA:28,9
DA:31,116
DA:32,26
DA:33,2
DA:35,24
DA:38,116
DA:42,116
DA:43,116
DA:47,44
DA:48,44
DA:49,44
DA:50,17
DA:52,44
DA:56,44
DA:57,44
DA:58,44
DA:59,44
DA:60,44
DA:61,44
DA:62,17
DA:64,44
DA:65,44
DA:66,44
DA:67,13
DA:68,13
DA:69,4
DA:70,4
DA:73,44
DA:78,44
DA:79,44
DA:80,44
DA:81,44
DA:82,44
DA:83,44
DA:84,44
DA:85,44
DA:86,42
DA:87,39
DA:88,37
DA:89,35
DA:90,33
DA:91,116
DA:92,64
DA:94,116
DA:95,116
DA:96,7
DA:99,26
DA:100,26
LF:67
LH:67
BRDA:4,0,0,1
BRDA:4,0,1,25
BRDA:5,1,0,1
BRDA:5,1,1,25
BRDA:6,2,0,1
BRDA:6,2,1,25
BRDA:7,3,0,1
BRDA:7,3,1,25
BRDA:14,4,0,42
BRDA:14,4,1,22
BRDA:15,5,0,8
BRDA:15,5,1,56
BRDA:16,6,0,10
BRDA:16,6,1,54
BRDA:17,7,0,4
BRDA:17,7,1,60
BRDA:24,8,0,19
BRDA:24,8,1,97
BRDA:25,9,0,10
BRDA:25,9,1,9
BRDA:31,10,0,26
BRDA:31,10,1,90
BRDA:32,11,0,2
BRDA:32,11,1,24
BRDA:49,12,0,17
BRDA:49,12,1,27
BRDA:61,13,0,17
BRDA:61,13,1,27
BRDA:66,14,0,13
BRDA:66,14,1,31
BRDA:68,15,0,4
BRDA:68,15,1,9
BRDA:68,16,0,13
BRDA:68,16,1,11
BRDA:85,17,0,2
BRDA:85,17,1,42
BRDA:86,18,0,3
BRDA:86,18,1,39
BRDA:86,19,0,42
BRDA:86,19,1,40
BRDA:87,20,0,2
BRDA:87,20,1,37
BRDA:87,21,0,39
BRDA:87,21,1,38
BRDA:88,22,0,2
BRDA:88,22,1,35
BRDA:88,23,0,37
BRDA:88,23,1,35
BRDA:89,24,0,2
BRDA:89,24,1,33
BRDA:89,25,0,35
BRDA:89,25,1,33
BRDA:91,26,0,64
BRDA:91,26,1,52
BRDA:95,27,0,7
BRDA:95,27,1,109
BRF:56
BRH:56
end_of_record
